<?xml version="1.0" encoding="utf-8" standalone="no"?>
<!--This file represents the results of running a test suite-->
<test-results name="C:\Users\Rebecca\Documents\Visual Studio 2012\Projects\ConsoleApplication2\UnitTestProject1\bin\Debug\UnitTestProject1.dll" total="7" errors="0" failures="0" not-run="0" inconclusive="0" ignored="0" skipped="0" invalid="0" date="2013-08-29" time="15:17:41">
  <environment nunit-version="2.6.2.12296" clr-version="2.0.50727.4984" os-version="Microsoft Windows NT 6.1.7600.0" platform="Win32NT" cwd="C:\Program Files (x86)\NUnit 2.6.2\bin" machine-name="REBECCA-PC" user="Rebecca" user-domain="Rebecca-PC" />
  <culture-info current-culture="en-US" current-uiculture="en-US" />
  <test-suite type="Assembly" name="C:\Users\Rebecca\Documents\Visual Studio 2012\Projects\ConsoleApplication2\UnitTestProject1\bin\Debug\UnitTestProject1.dll" executed="True" result="Success" success="True" time="0.125" asserts="0">
    <results>
      <test-suite type="Namespace" name="UnitTestProject1" executed="True" result="Success" success="True" time="0.094" asserts="0">
        <results>
          <test-suite type="TestFixture" name="PrimeFactorsTest" executed="True" result="Success" success="True" time="0.094" asserts="0">
            <results>
              <test-case name="UnitTestProject1.PrimeFactorsTest.TestGenerateWithEightYieldsTwoAndTwoAndTwo" executed="True" result="Success" success="True" time="0.047" asserts="1" />
              <test-case name="UnitTestProject1.PrimeFactorsTest.TestGenerateWithFourYieldsTwoAndTwo" executed="True" result="Success" success="True" time="0.000" asserts="1" />
              <test-case name="UnitTestProject1.PrimeFactorsTest.TestGenerateWithNineYieldsThreeAndThree" executed="True" result="Success" success="True" time="0.000" asserts="1" />
              <test-case name="UnitTestProject1.PrimeFactorsTest.TestGenerateWithSixYieldsTwoAndThree" executed="True" result="Success" success="True" time="0.000" asserts="1" />
              <test-case name="UnitTestProject1.PrimeFactorsTest.TestGenerateWithTenYieldsFiveAndTwo" executed="True" result="Success" success="True" time="0.000" asserts="1" />
              <test-case name="UnitTestProject1.PrimeFactorsTest.TestGenerateWithTwoYieldsTwo" executed="True" result="Success" success="True" time="0.000" asserts="1" />
              <test-case name="UnitTestProject1.PrimeFactorsTest.TestGenerateYieldsEmptyList" executed="True" result="Success" success="True" time="0.000" asserts="1" />
            </results>
          </test-suite>
        </results>
      </test-suite>
    </results>
  </test-suite>
</test-results>